2021-03-13 15:25:02,144 - Articles - INFO - Section written to target_file.txt from C:\Users\Nadiia_Radionenko\Downloads\some_xml.xml, text: News -------------------------
Premiere in circus
Kyiv, 13/03/2021 15.25
------------------------------

Ad ---------------------------
Bike for rent
Valid until: 29/04/2021, 47 day(s) left
------------------------------

Recipe -----------------------
Chocolate ice-cream
150 Kcal
Fitness tip: nice, light healthy food!
------------------------------

News -------------------------
New governor elected
Lisabon, 13/03/2021 15.25
------------------------------.
2021-03-13 15:25:02,146 - Articles - INFO - C:\Users\Nadiia_Radionenko\Downloads\some_xml.xml file(s) deleted.
2021-03-13 15:25:02,160 - Articles - INFO - News section written to target.db, 'news' table from C:\Users\Nadiia_Radionenko\Downloads\some_xml.xml, values: Kyiv, Premiere in circus.
2021-03-13 15:25:02,170 - Articles - INFO - Ad section written to target.db, 'ad' table from C:\Users\Nadiia_Radionenko\Downloads\some_xml.xml, values: Bike for rent, 29/04/2021.
2021-03-13 15:25:02,180 - Articles - INFO - Recipe section written to target.db, 'recipe' table from C:\Users\Nadiia_Radionenko\Downloads\some_xml.xml, values: Chocolate ice-cream, 150.
2021-03-13 15:25:02,187 - Articles - INFO - News section written to target.db, 'news' table from C:\Users\Nadiia_Radionenko\Downloads\some_xml.xml, values: Lisabon, New governor elected.
2021-03-13 15:29:47,964 - Articles - INFO - Section written to target_file.txt from C:\Users\Nadiia_Radionenko\Downloads\somejson.json, text: News -------------------------
Ryanair renews flights from June
Dublin, 13/03/2021 15.29
------------------------------

News -------------------------
A lot of rain
Cork, 13/03/2021 15.29
------------------------------

News -------------------------
Tourism on the rise
Manchester, 13/03/2021 15.29
------------------------------

Ad ---------------------------
Dog for sale
Valid until: 23/05/2021, 71 day(s) left
------------------------------

Ad ---------------------------
Free beer on fridays
Valid until: 15/01/2022, 308 day(s) left
------------------------------

Recipe -----------------------
Cucumber smoozie
0 Kcal
Fitness tip: 0 calories, really? Is it water? Take 2l of this daily)
------------------------------.
2021-03-13 15:29:47,965 - Articles - INFO - C:\Users\Nadiia_Radionenko\Downloads\somejson.json file(s) deleted.
2021-03-13 15:29:47,972 - Articles - INFO - News section written to target.db, 'news' table from C:\Users\Nadiia_Radionenko\Downloads\somejson.json, values: Dublin, Ryanair renews flights from June.
2021-03-13 15:29:47,978 - Articles - INFO - News section written to target.db, 'news' table from C:\Users\Nadiia_Radionenko\Downloads\somejson.json, values: Cork, A lot of rain.
2021-03-13 15:29:47,983 - Articles - INFO - News section written to target.db, 'news' table from C:\Users\Nadiia_Radionenko\Downloads\somejson.json, values: Manchester, Tourism on the rise.
2021-03-13 15:29:47,989 - Articles - INFO - Ad section written to target.db, 'ad' table from C:\Users\Nadiia_Radionenko\Downloads\somejson.json, values: Dog for sale, 23/05/2021.
2021-03-13 15:29:47,994 - Articles - INFO - Ad section written to target.db, 'ad' table from C:\Users\Nadiia_Radionenko\Downloads\somejson.json, values: Free beer on fridays, 15/01/2022.
2021-03-13 15:29:48,000 - Articles - INFO - Recipe section written to target.db, 'recipe' table from C:\Users\Nadiia_Radionenko\Downloads\somejson.json, values: Cucumber smoozie, 0.
2021-03-13 15:39:25,638 - Articles - INFO - Section written to target_file.txt from ['C:\\Users\\Nadiia_Radionenko\\Downloads\\sometext.txt'], text: News -------------------------
New restaurant opened
Chicago, 13/03/2021 15.39
------------------------------

Ad ---------------------------
Daning dress for sale
Valid until: 25/05/2021, 73 day(s) left
------------------------------

Recipe -----------------------
Thinly slice the spring tomatoes.
250 Kcal
Fitness tip: nice, light healthy food!
------------------------------.
2021-03-13 15:39:25,639 - Articles - INFO - ['C:\\Users\\Nadiia_Radionenko\\Downloads\\sometext.txt'] file(s) deleted.
2021-03-13 15:39:25,655 - Articles - INFO - News section written to target.db, 'news' table from ['C:\\Users\\Nadiia_Radionenko\\Downloads\\sometext.txt'], values: chicago, New restaurant opened.
2021-03-13 15:39:25,663 - Articles - INFO - Ad section written to target.db, 'ad' table from ['C:\\Users\\Nadiia_Radionenko\\Downloads\\sometext.txt'], values: Daning dress for sale, 25/05/2021.
2021-03-13 15:39:25,670 - Articles - INFO - Recipe section written to target.db, 'recipe' table from ['C:\\Users\\Nadiia_Radionenko\\Downloads\\sometext.txt'], values: Thinly slice the spring tomatoes., 250.
2021-03-13 15:41:08,500 - Articles - INFO - Section written to target_file.txt from manual input, text: News -------------------------
New restaurant opened
Chicago, 13/03/2021 15.41
------------------------------.
